<?xml version="1.0" encoding="UTF-8"?>
<!-- Generated by org.testng.reporters.JUnitReportReporter -->
<testsuite hostname="LAPTOP-O7SHFUCB" failures="0" tests="4" name="tests.web.WebUiTests" time="14.796" errors="0" timestamp="2025-12-12T11:57:47 MSK" skipped="0">
  <testcase classname="tests.web.WebUiTests" name="shouldSendContactFormAndReceiveAlert" time="3.448"/>
  <testcase classname="tests.web.WebUiTests" name="shouldLoadHomePage" time="2.219"/>
  <testcase classname="tests.web.WebUiTests" name="shouldOpenFirstProductAndMatchTitle" time="5.663"/>
  <testcase classname="tests.web.WebUiTests" name="shouldOpenCategoryAndShowProducts" time="3.466"/>
</testsuite> <!-- tests.web.WebUiTests -->
