<?xml version="1.0" encoding="UTF-8"?>
<!-- Generated by org.testng.reporters.JUnitXMLReporter -->
<testsuite ignored="0" hostname="LAPTOP-O7SHFUCB" failures="0" tests="3" name="Mobile UI Tests" time="0.254" errors="0" timestamp="2025-12-12T11:57:47 MSK">
  <testcase classname="tests.mobile.WikipediaMobileTests" name="shouldFindArticleByKeyword" time="0.0">
    <skipped/>
  </testcase> <!-- shouldFindArticleByKeyword -->
  <testcase classname="tests.mobile.WikipediaMobileTests" name="shouldOpenArticleAndVerifyTitle" time="0.0">
    <skipped/>
  </testcase> <!-- shouldOpenArticleAndVerifyTitle -->
  <testcase classname="tests.mobile.WikipediaMobileTests" name="shouldScrollArticleAndSeeContent" time="0.0">
    <skipped/>
  </testcase> <!-- shouldScrollArticleAndSeeContent -->
</testsuite> <!-- Mobile UI Tests -->
