<?xml version="1.0" encoding="UTF-8"?>
<!-- Generated by org.testng.reporters.JUnitXMLReporter -->
<testsuite ignored="0" hostname="LAPTOP-O7SHFUCB" failures="0" tests="4" name="Web UI Tests" time="14.849" errors="0" timestamp="2025-12-12T11:57:47 MSK">
  <testcase classname="tests.web.WebUiTests" name="shouldLoadHomePage" time="0.022"/>
  <testcase classname="tests.web.WebUiTests" name="shouldOpenCategoryAndShowProducts" time="1.209"/>
  <testcase classname="tests.web.WebUiTests" name="shouldOpenFirstProductAndMatchTitle" time="2.417"/>
  <testcase classname="tests.web.WebUiTests" name="shouldSendContactFormAndReceiveAlert" time="0.996"/>
</testsuite> <!-- Web UI Tests -->
